<?xml version="1.0" encoding="UTF-8"?>
<!-- Generated by org.testng.reporters.JUnitReportReporter -->
<testsuite hostname="Sais-Laptop.local" failures="0" tests="1" name="fleatflows.Login" time="26.875" errors="0" timestamp="2024-12-20T13:21:26 IST" skipped="0">
  <testcase classname="fleatflows.Login" name="bapLoginFlow" time="26.875"/>
  <system-out/>
</testsuite> <!-- fleatflows.Login -->
