<?xml version="1.0" encoding="UTF-8"?>
<!-- Generated by org.testng.reporters.JUnitReportReporter -->
<testsuite hostname="Sais-Laptop.local" failures="0" tests="1" name="fleatflows.AddDriver" time="60.877" errors="0" timestamp="2024-12-19T16:52:45 IST" skipped="0">
  <testcase classname="fleatflows.AddDriver" name="automateAddDriver" time="60.877"/>
  <system-out/>
</testsuite> <!-- fleatflows.AddDriver -->
