<?xml version="1.0" encoding="UTF-8"?>
<!-- Generated by org.testng.reporters.JUnitReportReporter -->
<testsuite hostname="Sais-Laptop.local" failures="0" tests="1" name="fleatflows.EditProfile" time="62.505" errors="0" timestamp="2024-12-19T15:41:25 IST" skipped="0">
  <testcase classname="fleatflows.EditProfile" name="automateDashboardFeatures" time="62.505"/>
  <system-out/>
</testsuite> <!-- fleatflows.EditProfile -->
