<?xml version="1.0" encoding="UTF-8"?>
<!-- Generated by org.testng.reporters.JUnitReportReporter -->
<testsuite hostname="Vinits-MacBook-Pro.local" failures="0" tests="1" name="bapFlows.UserRideCancellation" time="38.001" errors="0" timestamp="2024-12-17T16:32:47 IST" skipped="0">
  <testcase classname="bapFlows.UserRideCancellation" name="userRideCancellation" time="38.001"/>
</testsuite> <!-- bapFlows.UserRideCancellation -->
