<?xml version="1.0" encoding="UTF-8"?>
<!-- Generated by org.testng.reporters.JUnitReportReporter -->
<testsuite hostname="Vinits-MacBook-Pro.local" failures="0" tests="2" name="bapFlows.BapLogin" time="5.480" errors="0" timestamp="2024-12-17T16:32:47 IST" skipped="0">
  <testcase classname="bapFlows.BapLogin" name="bapLoginFlow" time="2.745"/>
  <testcase classname="bapFlows.BapLogin" name="bapLoginFlow" time="2.735"/>
</testsuite> <!-- bapFlows.BapLogin -->
